<?xml version="1.0" encoding="UTF-8"?>
<!-- Generated by org.testng.reporters.JUnitReportReporter -->
<testsuite hostname="Nishant" failures="0" tests="3" name="testRunner.runnerClass" time="33.608" errors="0" timestamp="2023-07-31T15:09:12 BST" skipped="0">
  <testcase classname="testRunner.runnerClass" name="runScenario" time="8.857"/>
  <system-out/>
  <testcase classname="testRunner.runnerClass" name="runScenario" time="12.121"/>
  <system-out/>
  <testcase classname="testRunner.runnerClass" name="runScenario" time="12.630"/>
  <system-out/>
</testsuite> <!-- testRunner.runnerClass -->
